<?xml version="1.0" encoding="UTF-8"?>
<!-- Generated by org.testng.reporters.JUnitXMLReporter -->
<testsuite hostname="WINDOWS-CRJJGKR" name="Default test" tests="3" failures="0" timestamp="15 Sep 2019 13:38:28 GMT" time="22.349" errors="0">
  <testcase name="verifyingExternalLinks" time="9.833" classname="com.test.SampleTest"/>
  <testcase name="verifyingOxygenArticle" time="3.987" classname="com.test.SampleTest"/>
  <testcase name="verifyElementProperties" time="0.83" classname="com.test.SampleTest"/>
</testsuite> <!-- Default test -->
